[2019-08-29 00:35:52.891] [exthost] [info] extension host started
[2019-08-29 00:35:52.896] [exthost] [info] ExtensionService#_doActivateExtension vscode.debug-auto-launch {"startup":true,"activationEvent":"*"}
[2019-08-29 00:35:52.896] [exthost] [info] ExtensionService#loadCommonJSModule /usr/share/vscodium-bin/resources/app/extensions/debug-auto-launch/dist/extension
[2019-08-29 00:35:52.898] [exthost] [info] ExtensionService#_doActivateExtension vscode.emmet {"startup":true,"activationEvent":"*"}
[2019-08-29 00:35:52.898] [exthost] [info] ExtensionService#loadCommonJSModule /usr/share/vscodium-bin/resources/app/extensions/emmet/dist/extension
[2019-08-29 00:35:52.922] [exthost] [info] ExtensionService#_doActivateExtension vscode.git {"startup":true,"activationEvent":"*"}
[2019-08-29 00:35:52.922] [exthost] [info] ExtensionService#loadCommonJSModule /usr/share/vscodium-bin/resources/app/extensions/git/dist/main
[2019-08-29 00:35:52.973] [exthost] [info] ExtensionService#_doActivateExtension vscode.merge-conflict {"startup":true,"activationEvent":"*"}
[2019-08-29 00:35:52.973] [exthost] [info] ExtensionService#loadCommonJSModule /usr/share/vscodium-bin/resources/app/extensions/merge-conflict/dist/extension
[2019-08-29 00:35:52.977] [exthost] [info] eager extensions activated
[2019-08-29 00:37:15.300] [exthost] [info] extension host started
[2019-08-29 00:37:15.305] [exthost] [info] ExtensionService#_doActivateExtension vscode.debug-auto-launch {"startup":true,"activationEvent":"*"}
[2019-08-29 00:37:15.305] [exthost] [info] ExtensionService#loadCommonJSModule /usr/share/vscodium-bin/resources/app/extensions/debug-auto-launch/dist/extension
[2019-08-29 00:37:15.306] [exthost] [info] ExtensionService#_doActivateExtension vscode.emmet {"startup":true,"activationEvent":"*"}
[2019-08-29 00:37:15.306] [exthost] [info] ExtensionService#loadCommonJSModule /usr/share/vscodium-bin/resources/app/extensions/emmet/dist/extension
[2019-08-29 00:37:15.329] [exthost] [info] ExtensionService#_doActivateExtension vscode.git {"startup":true,"activationEvent":"*"}
[2019-08-29 00:37:15.329] [exthost] [info] ExtensionService#loadCommonJSModule /usr/share/vscodium-bin/resources/app/extensions/git/dist/main
[2019-08-29 00:37:15.377] [exthost] [info] ExtensionService#_doActivateExtension vscode.merge-conflict {"startup":true,"activationEvent":"*"}
[2019-08-29 00:37:15.377] [exthost] [info] ExtensionService#loadCommonJSModule /usr/share/vscodium-bin/resources/app/extensions/merge-conflict/dist/extension
[2019-08-29 00:37:15.380] [exthost] [info] eager extensions activated
