[2019-09-02 13:02:55.990] [exthost] [info] extension host started
[2019-09-02 13:02:56.002] [exthost] [info] ExtensionService#_doActivateExtension vscode.debug-auto-launch {"startup":true,"activationEvent":"*"}
[2019-09-02 13:02:56.002] [exthost] [info] ExtensionService#loadCommonJSModule /usr/share/vscodium-bin/resources/app/extensions/debug-auto-launch/dist/extension
[2019-09-02 13:02:56.006] [exthost] [info] ExtensionService#_doActivateExtension vscode.emmet {"startup":true,"activationEvent":"*"}
[2019-09-02 13:02:56.006] [exthost] [info] ExtensionService#loadCommonJSModule /usr/share/vscodium-bin/resources/app/extensions/emmet/dist/extension
[2019-09-02 13:02:56.016] [exthost] [info] ExtensionService#_doActivateExtension vscode.git {"startup":true,"activationEvent":"*"}
[2019-09-02 13:02:56.016] [exthost] [info] ExtensionService#loadCommonJSModule /usr/share/vscodium-bin/resources/app/extensions/git/dist/main
[2019-09-02 13:02:56.035] [exthost] [info] ExtensionService#_doActivateExtension vscode.merge-conflict {"startup":true,"activationEvent":"*"}
[2019-09-02 13:02:56.035] [exthost] [info] ExtensionService#loadCommonJSModule /usr/share/vscodium-bin/resources/app/extensions/merge-conflict/dist/extension
[2019-09-02 13:02:56.037] [exthost] [info] ExtensionService#_doActivateExtension vscode.npm {"startup":true,"activationEvent":"workspaceContains:package.json"}
[2019-09-02 13:02:56.037] [exthost] [info] ExtensionService#loadCommonJSModule /usr/share/vscodium-bin/resources/app/extensions/npm/dist/main
[2019-09-02 13:02:56.048] [exthost] [info] ExtensionService#_doActivateExtension serayuzgur.crates {"startup":true,"activationEvent":"workspaceContains:Cargo.toml"}
[2019-09-02 13:02:56.048] [exthost] [info] ExtensionService#loadCommonJSModule /home/arunscape/.vscode-oss/extensions/serayuzgur.crates-0.4.3/out/extension
[2019-09-02 13:02:56.341] [exthost] [info] eager extensions activated
[2019-09-02 13:03:16.865] [exthost] [info] ExtensionService#_doActivateExtension vscode.typescript-language-features {"startup":false,"activationEvent":"onLanguage:typescriptreact"}
[2019-09-02 13:03:16.865] [exthost] [info] ExtensionService#loadCommonJSModule /usr/share/vscodium-bin/resources/app/extensions/typescript-language-features/dist/extension
[2019-09-02 13:03:19.065] [exthost] [info] ExtensionService#_doActivateExtension vscode.configuration-editing {"startup":false,"activationEvent":"onLanguage:jsonc"}
[2019-09-02 13:03:19.066] [exthost] [info] ExtensionService#loadCommonJSModule /usr/share/vscodium-bin/resources/app/extensions/configuration-editing/dist/extension
[2019-09-02 13:03:19.069] [exthost] [info] ExtensionService#_doActivateExtension vscode.json-language-features {"startup":false,"activationEvent":"onLanguage:jsonc"}
[2019-09-02 13:03:19.069] [exthost] [info] ExtensionService#loadCommonJSModule /usr/share/vscodium-bin/resources/app/extensions/json-language-features/client/dist/jsonMain
[2019-09-02 13:05:45.375] [exthost] [info] ExtensionService#_doActivateExtension kalitaalexey.vscode-rust {"startup":false,"activationEvent":"onLanguage:rust"}
[2019-09-02 13:05:45.375] [exthost] [info] ExtensionService#loadCommonJSModule /home/arunscape/.vscode-oss/extensions/kalitaalexey.vscode-rust-0.4.2/out/src/extension
[2019-09-02 13:05:57.263] [exthost] [info] ExtensionService#_doActivateExtension rust-lang.rust {"startup":false,"activationEvent":"onLanguage:rust"}
[2019-09-02 13:05:57.263] [exthost] [info] ExtensionService#loadCommonJSModule /home/arunscape/.vscode-oss/extensions/rust-lang.rust-0.6.1/out/extension.js
[2019-09-02 13:06:00.030] [exthost] [info] ExtensionService#_doActivateExtension vscode.grunt {"startup":false,"activationEvent":"onCommand:workbench.action.tasks.runTask"}
[2019-09-02 13:06:00.030] [exthost] [info] ExtensionService#loadCommonJSModule /usr/share/vscodium-bin/resources/app/extensions/grunt/dist/main
[2019-09-02 13:06:00.032] [exthost] [info] ExtensionService#_doActivateExtension vscode.gulp {"startup":false,"activationEvent":"onCommand:workbench.action.tasks.runTask"}
[2019-09-02 13:06:00.032] [exthost] [info] ExtensionService#loadCommonJSModule /usr/share/vscodium-bin/resources/app/extensions/gulp/dist/main
[2019-09-02 13:06:00.034] [exthost] [info] ExtensionService#_doActivateExtension vscode.jake {"startup":false,"activationEvent":"onCommand:workbench.action.tasks.runTask"}
[2019-09-02 13:06:00.034] [exthost] [info] ExtensionService#loadCommonJSModule /usr/share/vscodium-bin/resources/app/extensions/jake/dist/main
[2019-09-02 13:06:14.779] [exthost] [info] extension host started
[2019-09-02 13:06:14.788] [exthost] [info] ExtensionService#_doActivateExtension vscode.debug-auto-launch {"startup":true,"activationEvent":"*"}
[2019-09-02 13:06:14.788] [exthost] [info] ExtensionService#loadCommonJSModule /usr/share/vscodium-bin/resources/app/extensions/debug-auto-launch/dist/extension
[2019-09-02 13:06:14.789] [exthost] [info] ExtensionService#_doActivateExtension vscode.emmet {"startup":true,"activationEvent":"*"}
[2019-09-02 13:06:14.789] [exthost] [info] ExtensionService#loadCommonJSModule /usr/share/vscodium-bin/resources/app/extensions/emmet/dist/extension
[2019-09-02 13:06:14.795] [exthost] [info] ExtensionService#_doActivateExtension vscode.git {"startup":true,"activationEvent":"*"}
[2019-09-02 13:06:14.795] [exthost] [info] ExtensionService#loadCommonJSModule /usr/share/vscodium-bin/resources/app/extensions/git/dist/main
[2019-09-02 13:06:14.806] [exthost] [info] ExtensionService#_doActivateExtension vscode.merge-conflict {"startup":true,"activationEvent":"*"}
[2019-09-02 13:06:14.806] [exthost] [info] ExtensionService#loadCommonJSModule /usr/share/vscodium-bin/resources/app/extensions/merge-conflict/dist/extension
[2019-09-02 13:06:14.807] [exthost] [info] ExtensionService#_doActivateExtension vscode.npm {"startup":true,"activationEvent":"workspaceContains:package.json"}
[2019-09-02 13:06:14.807] [exthost] [info] ExtensionService#loadCommonJSModule /usr/share/vscodium-bin/resources/app/extensions/npm/dist/main
[2019-09-02 13:06:14.810] [exthost] [info] ExtensionService#_doActivateExtension serayuzgur.crates {"startup":true,"activationEvent":"workspaceContains:Cargo.toml"}
[2019-09-02 13:06:14.810] [exthost] [info] ExtensionService#loadCommonJSModule /home/arunscape/.vscode-oss/extensions/serayuzgur.crates-0.4.3/out/extension
[2019-09-02 13:06:14.914] [exthost] [info] eager extensions activated
[2019-09-02 13:06:19.443] [exthost] [info] ExtensionService#_doActivateExtension kalitaalexey.vscode-rust {"startup":false,"activationEvent":"onLanguage:rust"}
[2019-09-02 13:06:19.443] [exthost] [info] ExtensionService#loadCommonJSModule /home/arunscape/.vscode-oss/extensions/kalitaalexey.vscode-rust-0.4.2/out/src/extension
