[2019-09-02 13:02:57.678] [sharedprocess] [info] main {"machineId":"eec43cda6bc3abec780fea077c843a2edb6dbfe22559e5b520cb09759e8807c9"}
[2019-09-02 13:03:37.681] [sharedprocess] [info] Starting to clean up unused language packs.
[2019-09-02 13:05:44.802] [sharedprocess] [info] Installing extension: kalitaalexey.vscode-rust
[2019-09-02 13:05:45.117] [sharedprocess] [info] Downloaded extension: kalitaalexey.vscode-rust /tmp/bb09ed57-fc99-4041-be4a-327c28f1fcf6
[2019-09-02 13:05:45.265] [sharedprocess] [info] Extracted extension to /home/arunscape/.vscode-oss/extensions/.kalitaalexey.vscode-rust-0.4.2: kalitaalexey.vscode-rust
[2019-09-02 13:05:45.265] [sharedprocess] [info] Renamed to /home/arunscape/.vscode-oss/extensions/kalitaalexey.vscode-rust-0.4.2
[2019-09-02 13:05:45.266] [sharedprocess] [info] Installation completed. kalitaalexey.vscode-rust
[2019-09-02 13:05:45.270] [sharedprocess] [info] Extensions installed successfully: kalitaalexey.vscode-rust
[2019-09-02 13:05:56.838] [sharedprocess] [info] Installing extension: rust-lang.rust
[2019-09-02 13:05:57.066] [sharedprocess] [info] Downloaded extension: rust-lang.rust /tmp/b2391f66-4671-435e-9817-41417a346e73
[2019-09-02 13:05:57.151] [sharedprocess] [info] Extracted extension to /home/arunscape/.vscode-oss/extensions/.rust-lang.rust-0.6.1: rust-lang.rust
[2019-09-02 13:05:57.151] [sharedprocess] [info] Renamed to /home/arunscape/.vscode-oss/extensions/rust-lang.rust-0.6.1
[2019-09-02 13:05:57.152] [sharedprocess] [info] Installation completed. rust-lang.rust
[2019-09-02 13:05:57.155] [sharedprocess] [info] Extensions installed successfully: rust-lang.rust
[2019-09-02 13:06:10.298] [sharedprocess] [info] Uninstalling extension: rust-lang.rust
[2019-09-02 13:06:10.303] [sharedprocess] [info] Successfully uninstalled extension: rust-lang.rust
[2019-09-02 13:06:12.355] [sharedprocess] [info] Uninstalling extension: kalitaalexey.vscode-rust
[2019-09-02 13:06:12.360] [sharedprocess] [info] Successfully uninstalled extension: kalitaalexey.vscode-rust
[2019-09-02 13:06:19.303] [sharedprocess] [info] Installing extension: kalitaalexey.vscode-rust
[2019-09-02 13:06:19.388] [sharedprocess] [info] Downloaded extension: kalitaalexey.vscode-rust /tmp/471f293d-b20b-4635-8602-bd4487a5d0ca
[2019-09-02 13:06:19.400] [sharedprocess] [info] Removed the extension from uninstalled list: kalitaalexey.vscode-rust
[2019-09-02 13:06:19.403] [sharedprocess] [info] Extensions installed successfully: kalitaalexey.vscode-rust
