[2019-08-30 22:15:45.717] [exthost] [info] extension host started
[2019-08-30 22:15:45.728] [exthost] [info] ExtensionService#_doActivateExtension vscode.debug-auto-launch {"startup":true,"activationEvent":"*"}
[2019-08-30 22:15:45.728] [exthost] [info] ExtensionService#loadCommonJSModule /usr/share/vscodium-bin/resources/app/extensions/debug-auto-launch/dist/extension
[2019-08-30 22:15:45.732] [exthost] [info] ExtensionService#_doActivateExtension vscode.emmet {"startup":true,"activationEvent":"*"}
[2019-08-30 22:15:45.732] [exthost] [info] ExtensionService#loadCommonJSModule /usr/share/vscodium-bin/resources/app/extensions/emmet/dist/extension
[2019-08-30 22:15:45.757] [exthost] [info] ExtensionService#_doActivateExtension vscode.git {"startup":true,"activationEvent":"*"}
[2019-08-30 22:15:45.757] [exthost] [info] ExtensionService#loadCommonJSModule /usr/share/vscodium-bin/resources/app/extensions/git/dist/main
[2019-08-30 22:15:45.810] [exthost] [info] ExtensionService#_doActivateExtension vscode.merge-conflict {"startup":true,"activationEvent":"*"}
[2019-08-30 22:15:45.810] [exthost] [info] ExtensionService#loadCommonJSModule /usr/share/vscodium-bin/resources/app/extensions/merge-conflict/dist/extension
[2019-08-30 22:15:45.813] [exthost] [info] eager extensions activated
[2019-08-30 23:08:29.242] [exthost] [info] ExtensionService#_doActivateExtension vscode.configuration-editing {"startup":false,"activationEvent":"onLanguage:json"}
[2019-08-30 23:08:29.242] [exthost] [info] ExtensionService#loadCommonJSModule /usr/share/vscodium-bin/resources/app/extensions/configuration-editing/dist/extension
[2019-08-30 23:08:29.250] [exthost] [info] ExtensionService#_doActivateExtension vscode.extension-editing {"startup":false,"activationEvent":"onLanguage:json"}
[2019-08-30 23:08:29.250] [exthost] [info] ExtensionService#loadCommonJSModule /usr/share/vscodium-bin/resources/app/extensions/extension-editing/dist/extension
[2019-08-30 23:08:29.282] [exthost] [info] ExtensionService#_doActivateExtension vscode.json-language-features {"startup":false,"activationEvent":"onLanguage:json"}
[2019-08-30 23:08:29.282] [exthost] [info] ExtensionService#loadCommonJSModule /usr/share/vscodium-bin/resources/app/extensions/json-language-features/client/dist/jsonMain
[2019-08-30 23:08:29.317] [exthost] [info] ExtensionService#_doActivateExtension vscode.npm {"startup":false,"activationEvent":"onLanguage:json"}
[2019-08-30 23:08:29.317] [exthost] [info] ExtensionService#loadCommonJSModule /usr/share/vscodium-bin/resources/app/extensions/npm/dist/main
[2019-08-30 23:08:29.645] [exthost] [info] extension host started
[2019-08-30 23:08:29.650] [exthost] [info] ExtensionService#_doActivateExtension vscode.configuration-editing {"startup":false,"activationEvent":"onLanguage:json"}
[2019-08-30 23:08:29.650] [exthost] [info] ExtensionService#loadCommonJSModule /usr/share/vscodium-bin/resources/app/extensions/configuration-editing/dist/extension
[2019-08-30 23:08:29.654] [exthost] [info] ExtensionService#_doActivateExtension vscode.extension-editing {"startup":false,"activationEvent":"onLanguage:json"}
[2019-08-30 23:08:29.654] [exthost] [info] ExtensionService#loadCommonJSModule /usr/share/vscodium-bin/resources/app/extensions/extension-editing/dist/extension
[2019-08-30 23:08:29.672] [exthost] [info] ExtensionService#_doActivateExtension vscode.json-language-features {"startup":false,"activationEvent":"onLanguage:json"}
[2019-08-30 23:08:29.672] [exthost] [info] ExtensionService#loadCommonJSModule /usr/share/vscodium-bin/resources/app/extensions/json-language-features/client/dist/jsonMain
[2019-08-30 23:08:29.706] [exthost] [info] ExtensionService#_doActivateExtension vscode.npm {"startup":false,"activationEvent":"onLanguage:json"}
[2019-08-30 23:08:29.706] [exthost] [info] ExtensionService#loadCommonJSModule /usr/share/vscodium-bin/resources/app/extensions/npm/dist/main
[2019-08-30 23:08:29.716] [exthost] [info] ExtensionService#_doActivateExtension vscode.debug-auto-launch {"startup":true,"activationEvent":"*"}
[2019-08-30 23:08:29.716] [exthost] [info] ExtensionService#loadCommonJSModule /usr/share/vscodium-bin/resources/app/extensions/debug-auto-launch/dist/extension
[2019-08-30 23:08:29.717] [exthost] [info] ExtensionService#_doActivateExtension vscode.emmet {"startup":true,"activationEvent":"*"}
[2019-08-30 23:08:29.717] [exthost] [info] ExtensionService#loadCommonJSModule /usr/share/vscodium-bin/resources/app/extensions/emmet/dist/extension
[2019-08-30 23:08:29.738] [exthost] [info] ExtensionService#_doActivateExtension vscode.git {"startup":true,"activationEvent":"*"}
[2019-08-30 23:08:29.738] [exthost] [info] ExtensionService#loadCommonJSModule /usr/share/vscodium-bin/resources/app/extensions/git/dist/main
[2019-08-30 23:08:29.784] [exthost] [info] ExtensionService#_doActivateExtension vscode.merge-conflict {"startup":true,"activationEvent":"*"}
[2019-08-30 23:08:29.784] [exthost] [info] ExtensionService#loadCommonJSModule /usr/share/vscodium-bin/resources/app/extensions/merge-conflict/dist/extension
[2019-08-30 23:08:29.802] [exthost] [info] eager extensions activated
[2019-08-30 23:09:12.531] [exthost] [info] ExtensionService#_doActivateExtension vscode.typescript-language-features {"startup":false,"activationEvent":"onLanguage:typescriptreact"}
[2019-08-30 23:09:12.532] [exthost] [info] ExtensionService#loadCommonJSModule /usr/share/vscodium-bin/resources/app/extensions/typescript-language-features/dist/extension
[2019-08-30 23:24:12.879] [exthost] [error] [vscode.typescript-language-features] provider FAILED
[2019-08-30 23:24:12.879] [exthost] [error] Error: DisposableStore is missing...
	at R._convertCompletionItem (/usr/share/vscodium-bin/resources/app/out/vs/workbench/services/extensions/node/extensionHostProcess.js:563:173)
	at define.resolveCompletionItem.o.asPromise.then.e (/usr/share/vscodium-bin/resources/app/out/vs/workbench/services/extensions/node/extensionHostProcess.js:562:707)
[2019-08-30 23:25:31.803] [exthost] [error] [vscode.typescript-language-features] provider FAILED
[2019-08-30 23:25:31.804] [exthost] [error] Error: DisposableStore is missing...
	at R._convertCompletionItem (/usr/share/vscodium-bin/resources/app/out/vs/workbench/services/extensions/node/extensionHostProcess.js:563:173)
	at define.resolveCompletionItem.o.asPromise.then.e (/usr/share/vscodium-bin/resources/app/out/vs/workbench/services/extensions/node/extensionHostProcess.js:562:707)
[2019-08-30 23:48:56.696] [exthost] [error] [vscode.typescript-language-features] provider FAILED
[2019-08-30 23:48:56.696] [exthost] [error] Error: DisposableStore is missing...
	at R._convertCompletionItem (/usr/share/vscodium-bin/resources/app/out/vs/workbench/services/extensions/node/extensionHostProcess.js:563:173)
	at define.resolveCompletionItem.o.asPromise.then.e (/usr/share/vscodium-bin/resources/app/out/vs/workbench/services/extensions/node/extensionHostProcess.js:562:707)
[2019-08-30 23:48:59.783] [exthost] [error] [vscode.typescript-language-features] provider FAILED
[2019-08-30 23:48:59.783] [exthost] [error] Error: DisposableStore is missing...
	at R._convertCompletionItem (/usr/share/vscodium-bin/resources/app/out/vs/workbench/services/extensions/node/extensionHostProcess.js:563:173)
	at define.resolveCompletionItem.o.asPromise.then.e (/usr/share/vscodium-bin/resources/app/out/vs/workbench/services/extensions/node/extensionHostProcess.js:562:707)
[2019-08-30 23:49:01.715] [exthost] [error] [vscode.typescript-language-features] provider FAILED
[2019-08-30 23:49:01.715] [exthost] [error] Error: DisposableStore is missing...
	at R._convertCompletionItem (/usr/share/vscodium-bin/resources/app/out/vs/workbench/services/extensions/node/extensionHostProcess.js:563:173)
	at define.resolveCompletionItem.o.asPromise.then.e (/usr/share/vscodium-bin/resources/app/out/vs/workbench/services/extensions/node/extensionHostProcess.js:562:707)
[2019-08-30 23:51:15.446] [exthost] [error] [vscode.typescript-language-features] provider FAILED
[2019-08-30 23:51:15.446] [exthost] [error] Error: DisposableStore is missing...
	at R._convertCompletionItem (/usr/share/vscodium-bin/resources/app/out/vs/workbench/services/extensions/node/extensionHostProcess.js:563:173)
	at define.resolveCompletionItem.o.asPromise.then.e (/usr/share/vscodium-bin/resources/app/out/vs/workbench/services/extensions/node/extensionHostProcess.js:562:707)
