[2019-08-29 22:40:50.987] [exthost] [info] extension host started
[2019-08-29 22:40:50.992] [exthost] [info] ExtensionService#_doActivateExtension vscode.debug-auto-launch {"startup":true,"activationEvent":"*"}
[2019-08-29 22:40:50.992] [exthost] [info] ExtensionService#loadCommonJSModule /usr/share/vscodium-bin/resources/app/extensions/debug-auto-launch/dist/extension
[2019-08-29 22:40:50.994] [exthost] [info] ExtensionService#_doActivateExtension vscode.emmet {"startup":true,"activationEvent":"*"}
[2019-08-29 22:40:50.994] [exthost] [info] ExtensionService#loadCommonJSModule /usr/share/vscodium-bin/resources/app/extensions/emmet/dist/extension
[2019-08-29 22:40:51.019] [exthost] [info] ExtensionService#_doActivateExtension vscode.git {"startup":true,"activationEvent":"*"}
[2019-08-29 22:40:51.019] [exthost] [info] ExtensionService#loadCommonJSModule /usr/share/vscodium-bin/resources/app/extensions/git/dist/main
[2019-08-29 22:40:51.070] [exthost] [info] ExtensionService#_doActivateExtension vscode.merge-conflict {"startup":true,"activationEvent":"*"}
[2019-08-29 22:40:51.070] [exthost] [info] ExtensionService#loadCommonJSModule /usr/share/vscodium-bin/resources/app/extensions/merge-conflict/dist/extension
[2019-08-29 22:40:51.074] [exthost] [info] eager extensions activated
[2019-08-29 22:43:28.706] [exthost] [info] extension host started
[2019-08-29 22:43:28.711] [exthost] [info] ExtensionService#_doActivateExtension vscode.debug-auto-launch {"startup":true,"activationEvent":"*"}
[2019-08-29 22:43:28.711] [exthost] [info] ExtensionService#loadCommonJSModule /usr/share/vscodium-bin/resources/app/extensions/debug-auto-launch/dist/extension
[2019-08-29 22:43:28.713] [exthost] [info] ExtensionService#_doActivateExtension vscode.emmet {"startup":true,"activationEvent":"*"}
[2019-08-29 22:43:28.713] [exthost] [info] ExtensionService#loadCommonJSModule /usr/share/vscodium-bin/resources/app/extensions/emmet/dist/extension
[2019-08-29 22:43:28.735] [exthost] [info] ExtensionService#_doActivateExtension vscode.git {"startup":true,"activationEvent":"*"}
[2019-08-29 22:43:28.735] [exthost] [info] ExtensionService#loadCommonJSModule /usr/share/vscodium-bin/resources/app/extensions/git/dist/main
[2019-08-29 22:43:28.782] [exthost] [info] ExtensionService#_doActivateExtension vscode.merge-conflict {"startup":true,"activationEvent":"*"}
[2019-08-29 22:43:28.782] [exthost] [info] ExtensionService#loadCommonJSModule /usr/share/vscodium-bin/resources/app/extensions/merge-conflict/dist/extension
[2019-08-29 22:43:28.785] [exthost] [info] eager extensions activated
